jun 09 02:38:52 host=mail.tecnico.ulisboa.pt tls=on auth=on user=ist165464 from=pedrolorgaramos@tecnico.ulisboa.pt recipients=pedrolorgaramos@ist.utl.pt errormsg='the server sent an empty reply' exitcode=EX_PROTOCOL
jun 09 02:43:52 host=mail.tecnico.ulisboa.pt tls=on auth=on user=ist165464 from=pedrolorgaramos@tecnico.ulisboa.pt recipients=pedrolorgaramos@tecnico.ulisboa.pt errormsg='the server sent an empty reply' exitcode=EX_PROTOCOL
jun 09 02:50:08 host=mail.tecnico.ulisboa.pt tls=on auth=on user=ist165464 from=pedrolorgaramos@tecnico.ulisboa.pt recipients=pedrolorgaramos@tecnico.ulisboa.pt errormsg='the server sent an empty reply' exitcode=EX_PROTOCOL
jun 09 18:48:58 host=mail.tecnico.ulisboa.pt tls=on auth=on user=ist165464 from=pedrolorgaramos@tecnico.ulisboa.pt recipients=pedrolorgaramos@tecnico.ulisboa.pt errormsg='the server sent an empty reply' exitcode=EX_PROTOCOL
jun 09 21:21:34 host=mail.tecnico.ulisboa.pt tls=on auth=on user=ist165464 from=pedrolorgaramos@tecnico.ulisboa.pt recipients=pedrolorgaramos@gmail.com errormsg='the server sent an empty reply' exitcode=EX_PROTOCOL
jun 09 21:26:33 host=mail.tecnico.ulisboa.pt tls=on auth=on user=ist165464 from=pedrolorgaramos@tecnico.ulisboa.pt recipients=off,pedrolorgaramos@gmail.com errormsg='the server sent an empty reply' exitcode=EX_PROTOCOL
jun 09 21:32:01 host=mail.tecnico.ulisboa.pt tls=on auth=on user=ist165464 from=pedrolorgaramos@tecnico.ulisboa.pt recipients=off,pedrolorgaramos@tecnico.ulisboa.pt smtpstatus=550 smtpmsg='550 5.1.1 <off>: Recipient address rejected: User unknown in local recipient table' errormsg='recipient address off not accepted by the server' exitcode=EX_DATAERR
jun 09 21:32:35 host=mail.tecnico.ulisboa.pt tls=on auth=on user=ist165464 from=pedrolorgaramos@tecnico.ulisboa.pt recipients=off,pedrolorgaramos@tecnico.ulisboa.pt smtpstatus=550 smtpmsg='550 5.1.1 <off>: Recipient address rejected: User unknown in local recipient table' errormsg='recipient address off not accepted by the server' exitcode=EX_DATAERR
jun 09 21:32:48 host=mail.tecnico.ulisboa.pt tls=on auth=on user=ist165464 from=pedrolorgaramos@tecnico.ulisboa.pt recipients=pedrolorgaramos@tecnico.ulisboa.pt mailsize=87 smtpstatus=250 smtpmsg='250 2.0.0 Ok: queued as 3D4348049B6E' exitcode=EX_OK
jun 09 21:33:56 host=mail.tecnico.ulisboa.pt tls=on auth=on user=ist165464 from=pedrolorgaramos@tecnico.ulisboa.pt recipients=off,pedrolorgaramos@tecnico.ulisboa.pt smtpstatus=550 smtpmsg='550 5.1.1 <off>: Recipient address rejected: User unknown in local recipient table' errormsg='recipient address off not accepted by the server' exitcode=EX_DATAERR
jun 09 21:37:51 host=mail.tecnico.ulisboa.pt tls=on auth=on user=ist165464 from=pedrolorgaramos@tecnico.ulisboa.pt recipients=off,pedrolorgaramos@tecnico.ulisboa.pt,pedrolorgaramos@gmail.com smtpstatus=550 smtpmsg='550 5.1.1 <off>: Recipient address rejected: User unknown in local recipient table' errormsg='recipient address off not accepted by the server' exitcode=EX_DATAERR
jun 09 21:50:45 host=mail.tecnico.ulisboa.pt tls=on auth=on user=ist165464 from=pedrolorgaramos@tecnico.ulisboa.pt recipients=pedrolorgaramos@tecnico.ulisboa.pt mailsize=344 smtpstatus=250 smtpmsg='250 2.0.0 Ok: queued as 460D28049B6E' exitcode=EX_OK
jun 10 00:06:23 host=mail.tecnico.ulisboa.pt tls=on auth=on user=ist165464 from=pedrolorgaramos@tecnico.ulisboa.pt recipients=pedrolorgaramos@gmail.com mailsize=379 smtpstatus=250 smtpmsg='250 2.0.0 Ok: queued as 626698049B6E' exitcode=EX_OK
jun 10 00:08:31 host=mail.tecnico.ulisboa.pt tls=on auth=on user=ist165464 from=pedrolorgaramos@tecnico.ulisboa.pt recipients=pedrolorgaramos@ist.utl.pt mailsize=334 smtpstatus=250 smtpmsg='250 2.0.0 Ok: queued as 489F68049B6E' exitcode=EX_OK
jun 10 15:17:40 host=mail.tecnico.ulisboa.pt tls=on auth=on user=ist165464 from=pedrolorgaramos@tecnico.ulisboa.pt recipients=pedrolorgaramos@tecnico.ulisboa.pt mailsize=380 smtpstatus=250 smtpmsg='250 2.0.0 Ok: queued as 50CDC8049B6A' exitcode=EX_OK
jun 10 15:24:23 host=mail.tecnico.ulisboa.pt tls=on auth=on user=ist165464 from=pedrolorgaramos@tecnico.ulisboa.pt recipients=pedrolorgaramos@tecnico.ulisboa.pt mailsize=565 smtpstatus=250 smtpmsg='250 2.0.0 Ok: queued as EFECD8049B6A' exitcode=EX_OK
jun 10 17:16:07 host=mail.tecnico.ulisboa.pt tls=on auth=on user=ist165464 from=pedrolorgaramos@tecnico.ulisboa.pt recipients=pedrolorgaramos@tecnico.ulisboa.pt mailsize=683 smtpstatus=250 smtpmsg='250 2.0.0 Ok: queued as 46E9F8049B6A' exitcode=EX_OK
jun 10 17:34:36 host=mail.tecnico.ulisboa.pt tls=on auth=on user=ist165464 from=pedrolorgaramos@tecnico.ulisboa.pt recipients=pedrolorgaramos@gmail.com mailsize=354 smtpstatus=250 smtpmsg='250 2.0.0 Ok: queued as 821198049B70' exitcode=EX_OK
jun 15 18:23:29 host=mail.tecnico.ulisboa.pt tls=on auth=on user=ist165464 from=pedrolorgaramos@tecnico.ulisboa.pt recipients=pedrolorgaramos@tecnico.ulisboa.pt mailsize=382 smtpstatus=250 smtpmsg='250 2.0.0 Ok: queued as ABA248042EE7' exitcode=EX_OK
jun 15 19:20:39 host=mail.tecnico.ulisboa.pt tls=on auth=on user=ist165464 from=pedrolorgaramos@tecnico.ulisboa.pt recipients=~sircmpwn/aerc@lists.sr.ht mailsize=7443 smtpstatus=250 smtpmsg='250 2.0.0 Ok: queued as CF9A88042F15' exitcode=EX_OK
jun 15 20:03:33 host=mail.tecnico.ulisboa.pt tls=on auth=on user=ist165464 from=pedrolorgaramos@tecnico.ulisboa.pt recipients=~sircmpwn/aerc@lists.sr.ht mailsize=7419 smtpstatus=250 smtpmsg='250 2.0.0 Ok: queued as 5EC418042F15' exitcode=EX_OK
jun 26 00:19:56 host=mail.tecnico.ulisboa.pt tls=on auth=on user=ist165464 from=pedrolorgaramos@tecnico.ulisboa.pt recipients=sir@cmpwn.com mailsize=2874 smtpstatus=250 smtpmsg='250 2.0.0 Ok: queued as 29617804947C' exitcode=EX_OK
jun 27 21:20:46 host=mail.tecnico.ulisboa.pt tls=on auth=on user=ist165464 from=pedrolorgaramos@tecnico.ulisboa.pt recipients=pedrolorgaramos@gmail.com mailsize=4297 smtpstatus=250 smtpmsg='250 2.0.0 Ok: queued as 85A26804949D' exitcode=EX_OK
jun 27 21:25:55 host=mail.tecnico.ulisboa.pt tls=on auth=on user=ist165464 from=pedrolorgaramos@tecnico.ulisboa.pt recipients=pedrolorgaramos@tecnico.com mailsize=4301 smtpstatus=250 smtpmsg='250 2.0.0 Ok: queued as EAF43804949B' exitcode=EX_OK
jun 27 21:27:38 host=mail.tecnico.ulisboa.pt tls=on auth=on user=ist165464 from=pedrolorgaramos@tecnico.ulisboa.pt recipients=pedrolorgaramos@tecnico.ulisboa.pt mailsize=4297 smtpstatus=250 smtpmsg='250 2.0.0 Ok: queued as 62CE08042EE2' exitcode=EX_OK
jul 24 00:20:37 host=mail.tecnico.ulisboa.pt tls=on auth=on user=ist165464 from=pedrolorgaramos@tecnico.ulisboa.pt recipients=~sircmpwn/free-writers-club@lists.sr.ht,pedrolorgaramos@tecnico.ulisboa.pt mailsize=1586 smtpstatus=250 smtpmsg='250 2.0.0 Ok: queued as 4FACF8049B92' exitcode=EX_OK
